TN:
SF:src\crypto.ts
FN:33,secretMaterial
FN:45,key
FN:52,encryptSecret
FN:68,decryptSecret
FNF:4
FNH:4
FNDA:171,secretMaterial
FNDA:171,key
FNDA:123,encryptSecret
FNDA:55,decryptSecret
DA:22,4
DA:23,4
DA:24,4
DA:25,4
DA:30,4
DA:31,4
DA:34,171
DA:35,171
DA:36,1
DA:40,170
DA:46,171
DA:53,123
DA:54,123
DA:57,123
DA:58,123
DA:59,123
DA:69,55
DA:70,55
DA:71,5
DA:77,50
DA:78,55
DA:79,55
DA:84,55
DA:85,2
DA:88,48
DA:91,48
DA:92,48
LF:27
LH:27
BRDA:34,0,0,171
BRDA:34,0,1,1
BRDA:35,1,0,1
BRDA:35,1,1,170
BRDA:70,2,0,5
BRDA:70,2,1,50
BRDA:77,3,0,50
BRDA:77,3,1,0
BRDA:78,4,0,55
BRDA:78,4,1,0
BRDA:79,5,0,55
BRDA:79,5,1,0
BRDA:84,6,0,2
BRDA:84,6,1,53
BRF:14
BRH:11
end_of_record
TN:
SF:src\db.ts
FNF:0
FNH:0
DA:4,5
LF:1
LH:1
BRF:0
BRH:0
end_of_record
TN:
SF:src\mail.ts
FN:27,sendWelcomeEmail
FNF:1
FNH:1
FNDA:5,sendWelcomeEmail
DA:20,4
DA:21,4
DA:22,4
DA:24,4
DA:28,5
DA:29,1
DA:30,1
DA:32,4
DA:33,4
DA:34,4
DA:35,4
DA:39,4
DA:46,4
DA:48,0
LF:14
LH:13
BRDA:20,0,0,4
BRDA:20,0,1,0
BRDA:22,1,0,4
BRDA:22,1,1,0
BRDA:24,2,0,3
BRDA:24,2,1,1
BRDA:28,3,0,1
BRDA:28,3,1,4
BRDA:46,4,0,1
BRDA:46,4,1,3
BRF:10
BRH:8
end_of_record
TN:
SF:src\svgTemplate.ts
FN:30,tagOf
FN:35,findElement
FN:52,findSlot
FN:54,(anonymous_3)
FN:96,isDangerousUrl
FN:105,(anonymous_5)
FN:107,stripActiveAttributes
FN:120,retargetsActiveAttribute
FN:125,stripActiveContent
FN:141,fillText
FN:149,(anonymous_10)
FN:157,fillImage
FN:162,(anonymous_12)
FN:180,fillTemplate
FN:183,(anonymous_14)
FNF:15
FNH:14
FNDA:188,tagOf
FNDA:175,findElement
FNDA:50,findSlot
FNDA:168,(anonymous_3)
FNDA:8,isDangerousUrl
FNDA:235,(anonymous_5)
FNDA:135,stripActiveAttributes
FNDA:3,retargetsActiveAttribute
FNDA:135,stripActiveContent
FNDA:45,fillText
FNDA:1,(anonymous_10)
FNDA:5,fillImage
FNDA:0,(anonymous_12)
FNDA:31,fillTemplate
FNDA:1,(anonymous_14)
DA:17,2
DA:31,188
DA:39,175
DA:40,175
DA:41,175
DA:42,339
DA:43,339
DA:44,169
DA:45,124
DA:46,124
DA:48,80
DA:53,50
DA:56,168
DA:72,2
DA:82,2
DA:98,8
DA:99,8
DA:100,7
DA:101,6
DA:102,5
DA:105,235
DA:108,135
DA:110,135
DA:111,233
DA:112,233
DA:113,233
DA:114,233
DA:115,233
DA:121,3
DA:122,3
DA:126,135
DA:127,135
DA:128,135
DA:129,135
DA:130,312
DA:131,312
DA:132,113
DA:133,113
DA:134,7
DA:135,7
DA:137,106
DA:142,45
DA:143,45
DA:145,39
DA:147,39
DA:149,1
DA:150,45
DA:152,40
DA:153,39
DA:154,39
DA:158,5
DA:159,5
DA:162,5
DA:163,5
DA:165,5
DA:166,5
DA:167,20
DA:168,20
DA:170,5
DA:171,5
DA:172,5
DA:173,5
DA:174,5
DA:176,5
DA:177,5
DA:181,31
DA:182,31
DA:184,1
DA:188,31
DA:189,31
DA:190,1
DA:196,29
DA:198,29
DA:199,29
DA:200,45
DA:202,29
DA:203,15
DA:206,29
DA:207,3
DA:212,26
LF:80
LH:80
BRDA:31,0,0,188
BRDA:31,0,1,0
BRDA:31,0,2,0
BRDA:40,1,0,0
BRDA:40,1,1,175
BRDA:43,2,0,170
BRDA:43,2,1,169
BRDA:44,3,0,45
BRDA:44,3,1,124
BRDA:46,4,0,50
BRDA:46,4,1,74
BRDA:56,5,0,168
BRDA:56,5,1,125
BRDA:99,6,0,1
BRDA:99,6,1,7
BRDA:100,7,0,1
BRDA:100,7,1,6
BRDA:100,8,0,7
BRDA:100,8,1,6
BRDA:101,9,0,1
BRDA:101,9,1,5
BRDA:110,10,0,135
BRDA:110,10,1,0
BRDA:112,11,0,233
BRDA:112,11,1,0
BRDA:114,12,0,233
BRDA:114,12,1,8
BRDA:114,13,0,8
BRDA:114,13,1,0
BRDA:115,14,0,8
BRDA:115,14,1,225
BRDA:115,15,0,233
BRDA:115,15,1,230
BRDA:121,16,0,3
BRDA:121,16,1,0
BRDA:122,17,0,3
BRDA:122,17,1,2
BRDA:128,18,0,0
BRDA:128,18,1,135
BRDA:131,19,0,199
BRDA:131,19,1,113
BRDA:133,20,0,7
BRDA:133,20,1,106
BRDA:133,21,0,113
BRDA:133,21,1,108
BRDA:133,21,2,3
BRDA:143,22,0,6
BRDA:143,22,1,39
BRDA:147,23,0,38
BRDA:147,23,1,1
BRDA:147,24,0,39
BRDA:147,24,1,1
BRDA:150,25,0,0
BRDA:150,25,1,45
BRDA:159,26,0,0
BRDA:159,26,1,5
BRDA:162,27,0,5
BRDA:162,27,1,0
BRDA:163,28,0,0
BRDA:163,28,1,5
BRDA:163,29,0,5
BRDA:163,29,1,5
BRDA:168,30,0,20
BRDA:168,30,1,0
BRDA:174,31,0,5
BRDA:174,31,1,0
BRDA:184,32,0,1
BRDA:184,32,1,0
BRDA:184,33,0,1
BRDA:184,33,1,1
BRDA:189,34,0,1
BRDA:189,34,1,30
BRDA:189,35,0,31
BRDA:189,35,1,30
BRDA:192,36,0,0
BRDA:192,36,1,1
BRDA:200,37,0,39
BRDA:200,37,1,6
BRDA:203,38,0,5
BRDA:203,38,1,10
BRDA:203,39,0,15
BRDA:203,39,1,5
BRDA:206,40,0,3
BRDA:206,40,1,26
BRF:84
BRH:68
end_of_record
TN:
SF:src\middleware\authenticate.ts
FN:28,configured
FN:33,readToken
FN:48,optionalUser
FN:66,authenticate
FNF:4
FNH:4
FNDA:82,configured
FNDA:61,readToken
FNDA:2,optionalUser
FNDA:59,authenticate
DA:15,4
DA:16,4
DA:29,82
DA:34,61
DA:35,61
DA:36,57
DA:37,57
DA:38,57
DA:39,57
DA:40,57
DA:41,57
DA:44,0
DA:49,2
DA:50,2
DA:51,1
DA:52,1
DA:54,0
DA:67,59
DA:68,59
DA:69,3
DA:70,3
DA:73,56
DA:74,56
DA:76,1
DA:77,1
DA:79,55
DA:80,55
DA:84,54
DA:85,1
DA:86,1
DA:91,1
DA:92,1
DA:93,1
DA:95,53
DA:96,53
LF:35
LH:33
BRDA:15,0,0,4
BRDA:15,0,1,0
BRDA:35,1,0,4
BRDA:35,1,1,57
BRDA:38,2,0,0
BRDA:38,2,1,57
BRDA:40,3,0,57
BRDA:40,3,1,0
BRDA:50,4,0,1
BRDA:50,4,1,1
BRDA:50,5,0,2
BRDA:50,5,1,1
BRDA:68,6,0,3
BRDA:68,6,1,56
BRDA:68,7,0,59
BRDA:68,7,1,56
BRDA:84,8,0,1
BRDA:84,8,1,53
BRF:18
BRH:15
end_of_record
TN:
SF:src\modules\apikeys\apiKeyAuth.ts
FN:10,extractKey
FN:18,apiKeyAuth
FNF:2
FNH:2
FNDA:8,extractKey
FNDA:8,apiKeyAuth
DA:11,8
DA:12,8
DA:13,2
DA:14,2
DA:15,1
DA:19,8
DA:20,8
DA:21,1
DA:22,1
DA:24,7
DA:25,7
DA:26,1
DA:27,1
DA:29,6
DA:30,6
LF:15
LH:15
BRDA:12,0,0,6
BRDA:12,0,1,2
BRDA:12,1,0,8
BRDA:12,1,1,6
BRDA:14,2,0,1
BRDA:14,2,1,1
BRDA:14,3,0,2
BRDA:14,3,1,1
BRDA:20,4,0,1
BRDA:20,4,1,7
BRDA:25,5,0,1
BRDA:25,5,1,6
BRF:12
BRH:12
end_of_record
TN:
SF:src\modules\apikeys\apikeys.routes.ts
FN:12,(anonymous_0)
FN:13,(anonymous_1)
FN:19,(anonymous_2)
FN:29,(anonymous_3)
FN:37,(anonymous_4)
FNF:5
FNH:5
FNDA:3,(anonymous_0)
FNDA:1,(anonymous_1)
FNDA:1,(anonymous_2)
FNDA:1,(anonymous_3)
FNDA:1,(anonymous_4)
DA:10,1
DA:12,3
DA:13,1
DA:14,1
DA:16,1
DA:20,1
DA:22,1
DA:26,1
DA:30,1
DA:34,1
DA:38,1
DA:39,1
LF:12
LH:12
BRDA:14,0,0,0
BRDA:14,0,1,1
BRDA:20,1,0,1
BRDA:20,1,1,0
BRF:4
BRH:2
end_of_record
TN:
SF:src\modules\apikeys\apikeys.service.ts
FN:17,hashKey
FN:22,createKey
FN:36,listKeys
FN:44,revokeKey
FN:51,verifyKey
FN:62,(anonymous_5)
FNF:6
FNH:5
FNDA:6,hashKey
FNDA:6,createKey
FNDA:1,listKeys
FNDA:4,revokeKey
FNDA:3,verifyKey
FNDA:0,(anonymous_5)
DA:15,1
DA:18,6
DA:26,6
DA:27,2
DA:29,4
DA:30,4
DA:33,4
DA:37,1
DA:45,4
DA:46,4
DA:54,3
DA:55,2
DA:59,2
DA:60,1
DA:63,1
LF:15
LH:15
BRDA:26,0,0,2
BRDA:26,0,1,4
BRDA:26,1,0,6
BRDA:26,1,1,5
BRDA:46,2,0,2
BRDA:46,2,1,2
BRDA:54,3,0,1
BRDA:54,3,1,2
BRDA:59,4,0,1
BRDA:59,4,1,1
BRF:10
BRH:10
end_of_record
TN:
SF:src\modules\auth\auth.routes.ts
FN:22,useSecureCookie
FN:26,setAuthCookie
FN:36,clearAuthCookie
FN:55,(anonymous_3)
FN:63,(anonymous_4)
FN:70,(anonymous_5)
FN:75,(anonymous_6)
FN:90,(anonymous_7)
FNF:8
FNH:7
FNDA:11,useSecureCookie
FNDA:10,setAuthCookie
FNDA:1,clearAuthCookie
FNDA:3,(anonymous_3)
FNDA:11,(anonymous_4)
FNDA:1,(anonymous_5)
FNDA:2,(anonymous_6)
FNDA:0,(anonymous_7)
DA:15,2
DA:23,11
DA:27,10
DA:37,1
DA:46,2
DA:52,2
DA:56,3
DA:60,2
DA:64,11
DA:65,10
DA:66,10
DA:70,2
DA:71,1
DA:72,1
DA:75,2
DA:76,2
DA:77,2
DA:78,1
DA:79,1
DA:81,1
DA:86,2
DA:91,0
DA:92,0
DA:93,0
DA:94,0
DA:95,0
LF:26
LH:21
BRDA:23,0,0,11
BRDA:23,0,1,11
BRDA:56,1,0,3
BRDA:56,1,1,0
BRDA:64,2,0,11
BRDA:64,2,1,0
BRDA:77,3,0,1
BRDA:77,3,1,1
BRDA:92,4,0,0
BRDA:92,4,1,0
BRF:10
BRH:6
end_of_record
TN:
SF:src\modules\auth\auth.service.ts
FN:28,dummyPasswordHash
FN:33,register
FN:69,(anonymous_2)
FN:75,login
FN:106,deleteAccount
FNF:5
FNH:5
FNDA:3,dummyPasswordHash
FNDA:16,register
FNDA:1,(anonymous_2)
FNDA:9,login
FNDA:5,deleteAccount
DA:17,2
DA:19,2
DA:29,3
DA:30,1
DA:34,16
DA:35,16
DA:36,16
DA:43,2
DA:45,14
DA:46,1
DA:49,13
DA:52,13
DA:53,5
DA:55,8
DA:56,8
DA:59,8
DA:61,7
DA:62,7
DA:69,7
DA:70,1
DA:72,7
DA:78,9
DA:79,9
DA:80,9
DA:81,1
DA:88,8
DA:89,8
DA:90,3
DA:91,8
DA:92,5
DA:94,3
DA:99,3
DA:100,3
DA:107,5
DA:108,2
DA:110,3
DA:111,3
DA:112,2
DA:114,1
LF:39
LH:39
BRDA:34,0,0,0
BRDA:34,0,1,16
BRDA:36,1,0,2
BRDA:36,1,1,14
BRDA:37,2,0,16
BRDA:37,2,1,15
BRDA:37,2,2,15
BRDA:37,2,3,15
BRDA:37,2,4,14
BRDA:45,3,0,1
BRDA:45,3,1,13
BRDA:52,4,0,5
BRDA:52,4,1,8
BRDA:59,5,0,1
BRDA:59,5,1,7
BRDA:78,6,0,0
BRDA:78,6,1,9
BRDA:80,7,0,1
BRDA:80,7,1,8
BRDA:80,8,0,9
BRDA:80,8,1,8
BRDA:89,9,0,5
BRDA:89,9,1,3
BRDA:91,10,0,5
BRDA:91,10,1,3
BRDA:91,11,0,8
BRDA:91,11,1,5
BRDA:107,12,0,2
BRDA:107,12,1,3
BRDA:107,13,0,5
BRDA:107,13,1,4
BRDA:111,14,0,2
BRDA:111,14,1,1
BRDA:111,15,0,3
BRDA:111,15,1,2
BRF:35
BRH:33
end_of_record
TN:
SF:src\modules\external\external.routes.ts
FN:18,(anonymous_0)
FN:19,(anonymous_1)
FN:23,(anonymous_2)
FN:34,(anonymous_3)
FN:38,(anonymous_4)
FN:54,(anonymous_5)
FN:76,(anonymous_6)
FNF:7
FNH:7
FNDA:5,(anonymous_0)
FNDA:3,(anonymous_1)
FNDA:1,(anonymous_2)
FNDA:2,(anonymous_3)
FNDA:1,(anonymous_4)
FNDA:1,(anonymous_5)
FNDA:2,(anonymous_6)
DA:16,1
DA:18,5
DA:19,1
DA:20,3
DA:23,1
DA:24,1
DA:25,1
DA:31,1
DA:35,2
DA:36,2
DA:37,1
DA:39,1
DA:40,1
DA:43,1
DA:45,1
DA:51,1
DA:55,1
DA:56,1
DA:66,1
DA:72,1
DA:77,2
DA:78,2
DA:79,2
DA:80,2
DA:82,2
DA:83,1
DA:84,1
DA:86,1
LF:28
LH:28
BRDA:20,0,0,0
BRDA:20,0,1,3
BRDA:36,1,0,1
BRDA:36,1,1,1
BRDA:39,2,0,1
BRDA:39,2,1,0
BRDA:79,3,0,0
BRDA:79,3,1,2
BRDA:82,4,0,1
BRDA:82,4,1,1
BRDA:83,5,0,1
BRDA:83,5,1,0
BRF:12
BRH:8
end_of_record
TN:
SF:src\modules\lastfm\lastfm.routes.ts
FN:10,(anonymous_0)
FN:13,handleLastfmError
FN:37,(anonymous_2)
FN:51,(anonymous_3)
FN:60,(anonymous_4)
FN:68,(anonymous_5)
FN:80,(anonymous_6)
FN:100,tick
FN:116,(anonymous_8)
FN:117,(anonymous_9)
FN:121,(anonymous_10)
FNF:11
FNH:9
FNDA:7,(anonymous_0)
FNDA:2,handleLastfmError
FNDA:3,(anonymous_2)
FNDA:1,(anonymous_3)
FNDA:2,(anonymous_4)
FNDA:1,(anonymous_5)
FNDA:1,(anonymous_6)
FNDA:1,tick
FNDA:0,(anonymous_8)
FNDA:0,(anonymous_9)
FNDA:1,(anonymous_10)
DA:9,1
DA:10,7
DA:14,2
DA:15,2
DA:17,1
DA:18,1
DA:20,0
DA:21,0
DA:23,1
DA:24,1
DA:26,0
DA:29,0
DA:31,0
DA:32,0
DA:37,1
DA:38,3
DA:39,3
DA:40,1
DA:41,1
DA:43,2
DA:44,2
DA:45,1
DA:47,1
DA:51,1
DA:52,1
DA:53,1
DA:54,1
DA:56,0
DA:60,1
DA:61,2
DA:62,2
DA:64,1
DA:68,1
DA:69,1
DA:70,1
DA:72,0
DA:78,1
DA:80,1
DA:81,1
DA:85,1
DA:86,1
DA:87,0
DA:88,0
DA:91,1
DA:92,1
DA:93,1
DA:94,1
DA:95,1
DA:97,1
DA:98,1
DA:101,1
DA:102,1
DA:103,1
DA:106,1
DA:107,1
DA:108,1
DA:115,1
DA:116,1
DA:117,1
DA:118,0
DA:121,1
DA:122,1
DA:123,1
DA:124,1
DA:125,1
DA:126,1
LF:66
LH:55
BRDA:14,0,0,2
BRDA:14,0,1,0
BRDA:15,1,0,1
BRDA:15,1,1,0
BRDA:15,1,2,1
BRDA:15,1,3,0
BRDA:15,1,4,0
BRDA:38,2,0,3
BRDA:38,2,1,1
BRDA:38,2,2,1
BRDA:39,3,0,1
BRDA:39,3,1,2
BRDA:39,4,0,3
BRDA:39,4,1,3
BRDA:86,5,0,0
BRDA:86,5,1,1
BRDA:101,6,0,0
BRDA:101,6,1,1
BRDA:106,7,0,1
BRDA:106,7,1,0
BRDA:118,8,0,0
BRDA:118,8,1,0
BRF:22
BRH:13
end_of_record
TN:
SF:src\modules\lastfm\lastfm.service.ts
FN:23,isConfigured
FN:28,parseUsername
FN:47,bestImage
FN:50,(anonymous_3)
FN:53,(anonymous_4)
FN:58,lastfmGet
FN:72,(anonymous_6)
FN:87,getConnection
FN:93,isLastfmConnected
FN:97,getUsername
FN:115,verifyAndConnect
FN:141,disconnect
FN:155,getProfile
FN:175,toCurrentTrack
FN:187,getNowPlaying
FN:197,(anonymous_15)
FN:201,(anonymous_16)
FNF:17
FNH:15
FNDA:1,isConfigured
FNDA:9,parseUsername
FNDA:5,bestImage
FNDA:4,(anonymous_3)
FNDA:0,(anonymous_4)
FNDA:9,lastfmGet
FNDA:0,(anonymous_6)
FNDA:11,getConnection
FNDA:2,isLastfmConnected
FNDA:9,getUsername
FNDA:4,verifyAndConnect
FNDA:1,disconnect
FNDA:3,getProfile
FNDA:3,toCurrentTrack
FNDA:5,getNowPlaying
FNDA:3,(anonymous_15)
FNDA:1,(anonymous_16)
DA:19,1
DA:20,1
DA:21,1
DA:24,1
DA:29,9
DA:30,9
DA:31,9
DA:32,9
DA:48,5
DA:49,2
DA:50,4
DA:51,3
DA:53,0
DA:62,9
DA:63,9
DA:69,9
DA:72,9
DA:76,9
DA:77,2
DA:81,1
DA:82,1
DA:84,7
DA:88,11
DA:94,2
DA:98,9
DA:119,4
DA:120,4
DA:121,3
DA:122,1
DA:123,4
DA:125,1
DA:138,1
DA:142,1
DA:156,3
DA:157,3
DA:158,2
DA:159,2
DA:160,3
DA:176,3
DA:188,5
DA:189,5
DA:190,4
DA:194,4
DA:195,5
DA:197,5
DA:198,5
DA:199,2
DA:201,2
DA:202,2
DA:203,1
LF:50
LH:49
BRDA:31,0,0,1
BRDA:31,0,1,8
BRDA:32,1,0,5
BRDA:32,1,1,4
BRDA:48,2,0,3
BRDA:48,2,1,2
BRDA:50,3,0,4
BRDA:50,3,1,2
BRDA:51,4,0,2
BRDA:51,4,1,1
BRDA:53,5,0,0
BRDA:53,5,1,0
BRDA:62,6,0,0
BRDA:62,6,1,9
BRDA:76,7,0,2
BRDA:76,7,1,7
BRDA:76,8,0,9
BRDA:76,8,1,9
BRDA:77,9,0,1
BRDA:77,9,1,1
BRDA:98,10,0,9
BRDA:98,10,1,2
BRDA:120,11,0,1
BRDA:120,11,1,3
BRDA:123,12,0,0
BRDA:123,12,1,4
BRDA:157,13,0,1
BRDA:157,13,1,2
BRDA:159,14,0,2
BRDA:159,14,1,0
BRDA:161,15,0,3
BRDA:161,15,1,0
BRDA:162,16,0,1
BRDA:162,16,1,1
BRDA:163,17,0,1
BRDA:163,17,1,1
BRDA:164,18,0,3
BRDA:164,18,1,1
BRDA:177,19,0,3
BRDA:177,19,1,1
BRDA:177,19,2,0
BRDA:178,20,0,3
BRDA:178,20,1,0
BRDA:179,21,0,3
BRDA:179,21,1,2
BRDA:189,22,0,1
BRDA:189,22,1,4
BRDA:195,23,0,3
BRDA:195,23,1,1
BRDA:195,24,0,1
BRDA:195,24,1,0
BRDA:198,25,0,2
BRDA:198,25,1,3
BRDA:202,26,0,1
BRDA:202,26,1,1
BRF:55
BRH:46
end_of_record
TN:
SF:src\modules\library\library.routes.ts
FN:18,(anonymous_0)
FN:19,(anonymous_1)
FN:21,(anonymous_2)
FN:30,modesForName
FN:42,listSvgFiles
FN:44,(anonymous_5)
FN:61,(anonymous_6)
FN:63,(anonymous_7)
FN:73,(anonymous_8)
FN:91,(anonymous_9)
FN:100,(anonymous_10)
FN:108,(anonymous_11)
FN:116,(anonymous_12)
FN:124,(anonymous_13)
FN:134,(anonymous_14)
FN:142,(anonymous_15)
FN:150,(anonymous_16)
FN:158,(anonymous_17)
FN:166,(anonymous_18)
FN:174,(anonymous_19)
FNF:20
FNH:19
FNDA:20,(anonymous_0)
FNDA:8,(anonymous_1)
FNDA:10,(anonymous_2)
FNDA:8,modesForName
FNDA:4,listSvgFiles
FNDA:16,(anonymous_5)
FNDA:2,(anonymous_6)
FNDA:8,(anonymous_7)
FNDA:3,(anonymous_8)
FNDA:3,(anonymous_9)
FNDA:3,(anonymous_10)
FNDA:6,(anonymous_11)
FNDA:1,(anonymous_12)
FNDA:0,(anonymous_13)
FNDA:1,(anonymous_14)
FNDA:1,(anonymous_15)
FNDA:1,(anonymous_16)
FNDA:2,(anonymous_17)
FNDA:1,(anonymous_18)
FNDA:1,(anonymous_19)
DA:16,1
DA:18,20
DA:19,1
DA:20,8
DA:21,10
DA:25,1
DA:26,1
DA:33,8
DA:34,8
DA:35,4
DA:36,2
DA:37,0
DA:40,1
DA:43,4
DA:44,16
DA:49,0
DA:50,0
DA:51,0
DA:57,0
DA:61,1
DA:62,2
DA:63,8
DA:73,1
DA:74,3
DA:76,3
DA:77,1
DA:78,1
DA:80,2
DA:81,1
DA:82,1
DA:84,1
DA:88,1
DA:92,3
DA:93,3
DA:97,1
DA:101,3
DA:105,1
DA:109,6
DA:113,1
DA:117,1
DA:121,1
DA:125,0
DA:126,0
DA:131,1
DA:135,1
DA:139,1
DA:143,1
DA:147,1
DA:151,1
DA:155,1
DA:159,2
DA:163,1
DA:167,1
DA:171,1
DA:175,1
DA:176,1
LF:56
LH:49
BRDA:20,0,0,0
BRDA:20,0,1,8
BRDA:21,1,0,10
BRDA:21,1,1,0
BRDA:34,2,0,4
BRDA:34,2,1,4
BRDA:35,3,0,2
BRDA:35,3,1,2
BRDA:36,4,0,2
BRDA:36,4,1,0
BRDA:49,5,0,0
BRDA:49,5,1,0
BRDA:74,6,0,0
BRDA:74,6,1,3
BRDA:76,7,0,1
BRDA:76,7,1,2
BRDA:76,8,0,3
BRDA:76,8,1,3
BRDA:76,8,2,3
BRDA:80,9,0,1
BRDA:80,9,1,1
BRDA:93,10,0,1
BRDA:93,10,1,2
BRF:23
BRH:17
end_of_record
TN:
SF:src\modules\library\library.service.ts
FN:22,parseTemplateBody
FN:35,parseFolderName
FN:43,resolveFolder
FN:53,resolveParent
FN:64,listTemplates
FN:83,getTemplate
FN:91,listTemplatesWithPath
FN:103,(anonymous_7)
FN:108,(anonymous_8)
FN:129,(anonymous_9)
FN:135,(anonymous_10)
FN:142,createTemplate
FN:150,updateTemplate
FN:161,deleteTemplate
FN:168,listFolders
FN:172,getFolder
FN:178,listFolderTemplates
FN:186,createFolder
FN:196,wouldCreateCycle
FN:216,updateFolder
FN:231,deleteFolder
FNF:21
FNH:20
FNDA:18,parseTemplateBody
FNDA:24,parseFolderName
FNDA:16,resolveFolder
FNDA:23,resolveParent
FNDA:13,listTemplates
FNDA:4,getTemplate
FNDA:3,listTemplatesWithPath
FNDA:7,(anonymous_7)
FNDA:3,(anonymous_8)
FNDA:3,(anonymous_9)
FNDA:0,(anonymous_10)
FNDA:16,createTemplate
FNDA:3,updateTemplate
FNDA:4,deleteTemplate
FNDA:2,listFolders
FNDA:7,getFolder
FNDA:3,listFolderTemplates
FNDA:16,createFolder
FNDA:5,wouldCreateCycle
FNDA:9,updateFolder
FNDA:9,deleteFolder
DA:23,18
DA:24,18
DA:30,2
DA:32,16
DA:36,24
DA:37,1
DA:39,23
DA:44,16
DA:45,7
DA:46,7
DA:47,7
DA:48,7
DA:49,6
DA:54,23
DA:55,11
DA:56,11
DA:57,11
DA:58,11
DA:59,10
DA:65,13
DA:66,13
DA:67,10
DA:68,1
DA:74,9
DA:75,7
DA:77,2
DA:80,6
DA:84,4
DA:85,4
DA:86,1
DA:92,3
DA:103,7
DA:104,3
DA:108,3
DA:109,3
DA:110,3
DA:112,3
DA:113,3
DA:114,3
DA:115,3
DA:116,6
DA:117,6
DA:118,6
DA:119,6
DA:120,6
DA:123,3
DA:124,3
DA:125,3
DA:128,3
DA:129,3
DA:136,0
DA:143,16
DA:144,16
DA:145,13
DA:151,3
DA:152,3
DA:153,2
DA:154,2
DA:155,2
DA:162,4
DA:163,4
DA:169,2
DA:173,7
DA:174,7
DA:175,4
DA:179,3
DA:180,2
DA:187,16
DA:188,16
DA:189,14
DA:201,5
DA:202,5
DA:203,5
DA:204,8
DA:205,4
DA:206,4
DA:207,4
DA:211,4
DA:213,1
DA:217,9
DA:218,9
DA:219,8
DA:220,8
DA:225,8
DA:226,4
DA:228,4
DA:233,9
DA:234,9
LF:88
LH:87
BRDA:24,0,0,2
BRDA:24,0,1,16
BRDA:25,1,0,18
BRDA:25,1,1,18
BRDA:25,1,2,17
BRDA:25,1,3,17
BRDA:32,2,0,3
BRDA:32,2,1,13
BRDA:36,3,0,1
BRDA:36,3,1,23
BRDA:36,4,0,24
BRDA:36,4,1,24
BRDA:44,5,0,9
BRDA:44,5,1,7
BRDA:44,6,0,16
BRDA:44,6,1,7
BRDA:46,7,0,0
BRDA:46,7,1,7
BRDA:48,8,0,1
BRDA:48,8,1,6
BRDA:54,9,0,12
BRDA:54,9,1,11
BRDA:54,10,0,23
BRDA:54,10,1,11
BRDA:56,11,0,0
BRDA:56,11,1,11
BRDA:58,12,0,1
BRDA:58,12,1,10
BRDA:66,13,0,10
BRDA:66,13,1,3
BRDA:67,14,0,1
BRDA:67,14,1,9
BRDA:67,15,0,10
BRDA:67,15,1,9
BRDA:74,16,0,7
BRDA:74,16,1,2
BRDA:85,17,0,3
BRDA:85,17,1,1
BRDA:110,18,0,0
BRDA:110,18,1,3
BRDA:115,19,0,3
BRDA:115,19,1,7
BRDA:118,20,0,0
BRDA:118,20,1,6
BRDA:133,21,0,3
BRDA:133,21,1,0
BRDA:146,22,0,13
BRDA:146,22,1,10
BRDA:152,23,0,1
BRDA:152,23,1,2
BRDA:157,24,0,2
BRDA:157,24,1,2
BRDA:163,25,0,1
BRDA:163,25,1,3
BRDA:174,26,0,3
BRDA:174,26,1,4
BRDA:204,27,0,4
BRDA:204,27,1,4
BRDA:205,28,0,0
BRDA:205,28,1,4
BRDA:211,29,0,4
BRDA:211,29,1,1
BRDA:218,30,0,1
BRDA:218,30,1,8
BRDA:225,31,0,4
BRDA:225,31,1,4
BRDA:225,32,0,8
BRDA:225,32,1,5
BRDA:234,33,0,1
BRDA:234,33,1,8
BRF:70
BRH:64
end_of_record
TN:
SF:src\modules\rendering\rendering.routes.ts
FN:15,(anonymous_0)
FN:30,(anonymous_1)
FNF:2
FNH:2
FNDA:1,(anonymous_0)
FNDA:1,(anonymous_1)
DA:14,1
DA:15,1
DA:20,1
DA:26,1
DA:31,1
DA:32,1
DA:33,1
DA:34,1
LF:8
LH:8
BRDA:31,0,0,1
BRDA:31,0,1,0
BRDA:32,1,0,1
BRDA:32,1,1,0
BRF:4
BRH:2
end_of_record
TN:
SF:src\modules\rendering\rendering.service.ts
FN:16,svgToPng
FN:55,isAllowedCoverUrl
FN:64,(anonymous_2)
FN:70,fetchCoverDataUri
FN:92,isConflict
FN:98,buildFill
FN:165,render
FN:197,(anonymous_7)
FNF:8
FNH:8
FNDA:5,svgToPng
FNDA:9,isAllowedCoverUrl
FNDA:11,(anonymous_2)
FNDA:9,fetchCoverDataUri
FNDA:6,isConflict
FNDA:18,buildFill
FNDA:21,render
FNDA:13,(anonymous_7)
DA:17,5
DA:18,5
DA:20,5
DA:23,5
DA:26,2
DA:29,5
DA:48,1
DA:57,9
DA:58,9
DA:60,0
DA:62,9
DA:63,6
DA:64,6
DA:65,11
DA:71,9
DA:74,4
DA:75,4
DA:77,5
DA:78,5
DA:79,5
DA:80,4
DA:81,9
DA:82,4
DA:84,0
DA:93,6
DA:105,18
DA:106,18
DA:108,18
DA:109,13
DA:110,12
DA:111,1
DA:116,11
DA:118,1
DA:119,1
DA:124,10
DA:125,10
DA:126,10
DA:127,5
DA:128,2
DA:129,2
DA:130,1
DA:135,1
DA:136,1
DA:137,2
DA:138,2
DA:139,2
DA:140,2
DA:141,2
DA:143,3
DA:144,2
DA:145,2
DA:146,1
DA:148,1
DA:149,1
DA:150,1
DA:151,1
DA:152,1
DA:153,1
DA:156,1
DA:159,12
DA:166,21
DA:171,20
DA:172,20
DA:174,2
DA:175,1
DA:180,1
DA:186,18
DA:187,18
DA:189,6
DA:190,1
DA:191,1
DA:195,12
DA:196,12
DA:198,13
DA:203,12
DA:204,12
DA:205,12
DA:208,1
DA:209,1
DA:210,1
LF:80
LH:78
BRDA:20,0,0,3
BRDA:20,0,1,2
BRDA:20,1,0,5
BRDA:20,1,1,3
BRDA:23,2,0,3
BRDA:23,2,1,2
BRDA:26,3,0,1
BRDA:26,3,1,1
BRDA:62,4,0,3
BRDA:62,4,1,6
BRDA:65,5,0,9
BRDA:65,5,1,2
BRDA:71,6,0,4
BRDA:71,6,1,5
BRDA:79,7,0,1
BRDA:79,7,1,4
BRDA:80,8,0,4
BRDA:80,8,1,0
BRDA:93,9,0,6
BRDA:93,9,1,6
BRDA:93,9,2,6
BRDA:108,10,0,13
BRDA:108,10,1,5
BRDA:110,11,0,1
BRDA:110,11,1,11
BRDA:116,12,0,1
BRDA:116,12,1,10
BRDA:118,13,0,1
BRDA:118,13,1,0
BRDA:118,14,0,0
BRDA:118,14,1,0
BRDA:127,15,0,2
BRDA:127,15,1,3
BRDA:129,16,0,1
BRDA:129,16,1,1
BRDA:136,17,0,1
BRDA:136,17,1,3
BRDA:138,18,0,1
BRDA:138,18,1,1
BRDA:139,19,0,1
BRDA:139,19,1,1
BRDA:140,20,0,1
BRDA:140,20,1,1
BRDA:141,21,0,1
BRDA:141,21,1,1
BRDA:143,22,0,2
BRDA:143,22,1,1
BRDA:145,23,0,1
BRDA:145,23,1,1
BRDA:148,24,0,1
BRDA:148,24,1,2
BRDA:166,25,0,1
BRDA:166,25,1,20
BRDA:174,26,0,1
BRDA:174,26,1,1
BRDA:189,27,0,5
BRDA:189,27,1,1
BRDA:198,28,0,9
BRDA:198,28,1,4
BRDA:208,29,0,1
BRDA:208,29,1,0
BRF:61
BRH:56
end_of_record
TN:
SF:src\modules\spotify\spotify.routes.ts
FN:12,(anonymous_0)
FN:20,handleSpotifyError
FN:37,(anonymous_2)
FN:48,(anonymous_3)
FN:75,(anonymous_4)
FN:84,(anonymous_5)
FN:98,(anonymous_6)
FN:108,(anonymous_7)
FN:120,(anonymous_8)
FN:133,(anonymous_9)
FN:155,tick
FN:187,(anonymous_11)
FN:194,(anonymous_12)
FN:198,(anonymous_13)
FN:207,(anonymous_14)
FNF:15
FNH:13
FNDA:19,(anonymous_0)
FNDA:4,handleSpotifyError
FNDA:2,(anonymous_2)
FNDA:5,(anonymous_3)
FNDA:1,(anonymous_4)
FNDA:5,(anonymous_5)
FNDA:1,(anonymous_6)
FNDA:3,(anonymous_7)
FNDA:1,(anonymous_8)
FNDA:1,(anonymous_9)
FNDA:1,tick
FNDA:0,(anonymous_11)
FNDA:0,(anonymous_12)
FNDA:1,(anonymous_13)
FNDA:2,(anonymous_14)
DA:9,1
DA:10,1
DA:12,19
DA:17,1
DA:21,4
DA:22,1
DA:23,1
DA:25,3
DA:26,1
DA:30,1
DA:32,2
DA:33,2
DA:37,1
DA:38,2
DA:39,1
DA:42,1
DA:44,1
DA:48,1
DA:49,5
DA:50,5
DA:52,5
DA:53,1
DA:54,1
DA:56,4
DA:57,1
DA:58,1
DA:60,3
DA:61,1
DA:62,1
DA:64,2
DA:66,2
DA:67,2
DA:68,1
DA:70,1
DA:71,1
DA:75,1
DA:76,1
DA:77,1
DA:78,1
DA:80,0
DA:84,1
DA:85,5
DA:86,5
DA:87,2
DA:88,1
DA:89,1
DA:91,1
DA:93,3
DA:98,1
DA:99,1
DA:100,1
DA:101,1
DA:102,1
DA:104,0
DA:108,1
DA:109,3
DA:110,3
DA:112,2
DA:113,1
DA:114,1
DA:116,1
DA:120,1
DA:121,1
DA:122,1
DA:124,0
DA:131,1
DA:133,1
DA:134,1
DA:138,1
DA:139,1
DA:140,0
DA:141,0
DA:144,1
DA:145,1
DA:146,1
DA:147,1
DA:148,1
DA:150,1
DA:151,1
DA:153,1
DA:156,1
DA:157,1
DA:158,1
DA:161,1
DA:162,1
DA:163,1
DA:170,0
DA:171,0
DA:172,0
DA:173,0
DA:184,1
DA:187,1
DA:188,0
DA:189,0
DA:190,0
DA:192,0
DA:194,1
DA:195,0
DA:198,1
DA:199,1
DA:200,1
DA:201,1
DA:202,1
DA:203,1
DA:207,1
DA:208,2
DA:209,1
DA:210,1
DA:212,1
DA:213,1
DA:215,0
LF:111
LH:96
BRDA:10,0,0,1
BRDA:10,0,1,0
BRDA:21,1,0,1
BRDA:21,1,1,3
BRDA:25,2,0,1
BRDA:25,2,1,2
BRDA:25,3,0,3
BRDA:25,3,1,3
BRDA:38,4,0,1
BRDA:38,4,1,1
BRDA:52,5,0,1
BRDA:52,5,1,4
BRDA:56,6,0,1
BRDA:56,6,1,3
BRDA:56,7,0,4
BRDA:56,7,1,4
BRDA:60,8,0,1
BRDA:60,8,1,2
BRDA:87,9,0,1
BRDA:87,9,1,1
BRDA:100,10,0,1
BRDA:100,10,1,1
BRDA:100,11,0,1
BRDA:100,11,1,0
BRDA:101,12,0,1
BRDA:101,12,1,0
BRDA:101,13,0,1
BRDA:101,13,1,0
BRDA:112,14,0,1
BRDA:112,14,1,1
BRDA:112,15,0,2
BRDA:112,15,1,2
BRDA:139,16,0,0
BRDA:139,16,1,1
BRDA:156,17,0,0
BRDA:156,17,1,1
BRDA:161,18,0,1
BRDA:161,18,1,0
BRDA:170,19,0,0
BRDA:170,19,1,0
BRDA:172,20,0,0
BRDA:172,20,1,0
BRDA:188,21,0,0
BRDA:188,21,1,0
BRDA:195,22,0,0
BRDA:195,22,1,0
BRDA:208,23,0,1
BRDA:208,23,1,1
BRF:48
BRH:33
end_of_record
TN:
SF:src\modules\spotify\spotify.service.ts
FN:35,isConfigured
FN:38,basicAuthHeader
FN:65,getConnection
FN:72,isSpotifyConnected
FN:77,disconnect
FN:94,isReauthRequired
FN:98,refreshAndStore
FN:112,(anonymous_7)
FN:152,getValidAccessToken
FN:164,getRecentlyPlayedTrack
FN:192,getNowPlaying
FN:199,(anonymous_11)
FN:206,(anonymous_12)
FN:240,normTrack
FN:250,getQueue
FN:257,(anonymous_15)
FN:266,(anonymous_16)
FN:268,(anonymous_17)
FN:279,getPlaylists
FN:281,(anonymous_19)
FN:306,toPlaylistSummary
FN:327,getRecentlyPlayedPlaylistIds
FN:362,listMyPlaylists
FN:371,(anonymous_23)
FN:388,(anonymous_24)
FN:396,(anonymous_25)
FN:410,listMyPlaylistsPage
FN:421,(anonymous_27)
FN:463,getPlaylistExport
FN:477,(anonymous_29)
FN:499,(anonymous_30)
FN:515,(anonymous_31)
FN:537,toNowPlayingPayload
FN:547,beginConnect
FN:562,isValidAuthState
FN:566,clearAuthState
FN:571,exchangeCodeAndStore
FN:608,getProfile
FN:618,rawSpotifyGet
FN:632,getDebugInfo
FNF:40
FNH:33
FNDA:1,isConfigured
FNDA:11,basicAuthHeader
FNDA:46,getConnection
FNDA:2,isSpotifyConnected
FNDA:4,disconnect
FNDA:4,isReauthRequired
FNDA:9,refreshAndStore
FNDA:0,(anonymous_7)
FNDA:43,getValidAccessToken
FNDA:6,getRecentlyPlayedTrack
FNDA:9,getNowPlaying
FNDA:6,(anonymous_11)
FNDA:0,(anonymous_12)
FNDA:2,normTrack
FNDA:3,getQueue
FNDA:0,(anonymous_15)
FNDA:2,(anonymous_16)
FNDA:1,(anonymous_17)
FNDA:1,getPlaylists
FNDA:1,(anonymous_19)
FNDA:10,toPlaylistSummary
FNDA:6,getRecentlyPlayedPlaylistIds
FNDA:6,listMyPlaylists
FNDA:0,(anonymous_23)
FNDA:4,(anonymous_24)
FNDA:4,(anonymous_25)
FNDA:2,listMyPlaylistsPage
FNDA:0,(anonymous_27)
FNDA:3,getPlaylistExport
FNDA:0,(anonymous_29)
FNDA:0,(anonymous_30)
FNDA:2,(anonymous_31)
FNDA:4,toNowPlayingPayload
FNDA:1,beginConnect
FNDA:3,isValidAuthState
FNDA:1,clearAuthState
FNDA:2,exchangeCodeAndStore
FNDA:2,getProfile
FNDA:2,rawSpotifyGet
FNDA:1,getDebugInfo
DA:17,2
DA:19,2
DA:20,2
DA:21,2
DA:23,2
DA:24,2
DA:26,2
DA:30,2
DA:33,2
DA:36,1
DA:39,11
DA:66,46
DA:73,2
DA:78,4
DA:91,2
DA:95,4
DA:99,9
DA:111,9
DA:112,6
DA:114,6
DA:115,6
DA:120,6
DA:121,3
DA:122,3
DA:125,3
DA:127,3
DA:128,3
DA:131,3
DA:137,3
DA:148,3
DA:153,43
DA:154,43
DA:155,42
DA:156,9
DA:158,33
DA:165,6
DA:169,6
DA:170,2
DA:171,2
DA:173,4
DA:182,4
DA:183,6
DA:184,1
DA:193,9
DA:194,9
DA:199,9
DA:200,6
DA:201,6
DA:204,9
DA:205,4
DA:206,1
DA:207,1
DA:208,1
DA:210,3
DA:211,3
DA:212,2
DA:213,1
DA:215,1
DA:216,1
DA:241,2
DA:242,2
DA:251,3
DA:252,3
DA:255,3
DA:256,2
DA:257,1
DA:258,1
DA:259,1
DA:261,1
DA:265,1
DA:266,2
DA:268,1
DA:269,3
DA:280,1
DA:281,1
DA:307,10
DA:308,10
DA:328,6
DA:329,6
DA:330,6
DA:334,5
DA:336,0
DA:337,0
DA:339,0
DA:341,5
DA:344,5
DA:345,5
DA:346,5
DA:347,7
DA:348,7
DA:349,5
DA:350,5
DA:351,5
DA:352,5
DA:354,5
DA:356,1
DA:363,6
DA:364,6
DA:365,6
DA:366,6
DA:367,7
DA:370,7
DA:371,1
DA:372,1
DA:373,1
DA:375,6
DA:376,6
DA:377,8
DA:378,8
DA:380,6
DA:385,5
DA:386,5
DA:388,4
DA:389,2
DA:390,2
DA:391,4
DA:392,4
DA:393,3
DA:394,3
DA:396,4
DA:415,2
DA:416,2
DA:420,2
DA:421,0
DA:422,0
DA:423,0
DA:425,2
DA:430,2
DA:431,2
DA:432,2
DA:433,2
DA:435,2
DA:467,3
DA:468,3
DA:471,3
DA:475,3
DA:476,2
DA:477,0
DA:478,0
DA:479,0
DA:481,2
DA:491,2
DA:492,2
DA:494,2
DA:496,2
DA:497,2
DA:498,2
DA:499,1
DA:500,1
DA:501,1
DA:503,1
DA:509,1
DA:510,4
DA:512,4
DA:513,2
DA:515,2
DA:518,4
DA:519,4
DA:521,1
DA:524,1
DA:538,4
DA:539,3
DA:541,2
DA:548,1
DA:549,1
DA:550,1
DA:558,1
DA:563,3
DA:567,1
DA:572,2
DA:584,2
DA:585,1
DA:586,1
DA:587,1
DA:589,1
DA:595,1
DA:596,1
DA:597,1
DA:598,1
DA:611,2
DA:612,2
DA:615,2
DA:619,2
DA:622,2
DA:623,2
DA:624,2
DA:625,2
DA:629,2
DA:633,1
DA:634,1
DA:635,1
DA:639,1
LF:192
LH:183
BRDA:26,0,0,2
BRDA:26,0,1,0
BRDA:36,1,0,1
BRDA:36,1,1,1
BRDA:95,2,0,4
BRDA:95,2,1,3
BRDA:111,3,0,6
BRDA:111,3,1,3
BRDA:120,4,0,3
BRDA:120,4,1,3
BRDA:120,5,0,6
BRDA:120,5,1,5
BRDA:143,6,0,3
BRDA:143,6,1,2
BRDA:145,7,0,1
BRDA:145,7,1,2
BRDA:154,8,0,1
BRDA:154,8,1,42
BRDA:155,9,0,9
BRDA:155,9,1,33
BRDA:169,10,0,2
BRDA:169,10,1,4
BRDA:170,11,0,1
BRDA:170,11,1,1
BRDA:183,12,0,3
BRDA:183,12,1,3
BRDA:185,13,0,1
BRDA:185,13,1,0
BRDA:186,14,0,6
BRDA:186,14,1,0
BRDA:187,15,0,6
BRDA:187,15,1,0
BRDA:188,16,0,6
BRDA:188,16,1,0
BRDA:201,17,0,1
BRDA:201,17,1,5
BRDA:204,18,0,5
BRDA:204,18,1,4
BRDA:205,19,0,1
BRDA:205,19,1,3
BRDA:211,20,0,1
BRDA:211,20,1,2
BRDA:212,21,0,1
BRDA:212,21,1,1
BRDA:212,22,0,2
BRDA:212,22,1,2
BRDA:220,23,0,1
BRDA:220,23,1,0
BRDA:221,24,0,9
BRDA:221,24,1,0
BRDA:222,25,0,9
BRDA:222,25,1,0
BRDA:223,26,0,9
BRDA:223,26,1,0
BRDA:241,27,0,0
BRDA:241,27,1,2
BRDA:243,28,0,2
BRDA:243,28,1,0
BRDA:244,29,0,2
BRDA:244,29,1,0
BRDA:245,30,0,2
BRDA:245,30,1,2
BRDA:246,31,0,2
BRDA:246,31,1,2
BRDA:255,32,0,1
BRDA:255,32,1,2
BRDA:256,33,0,1
BRDA:256,33,1,1
BRDA:265,34,0,1
BRDA:265,34,1,0
BRDA:279,35,0,1
BRDA:307,36,0,0
BRDA:307,36,1,10
BRDA:310,37,0,10
BRDA:310,37,1,0
BRDA:311,38,0,10
BRDA:311,38,1,0
BRDA:312,39,0,10
BRDA:312,39,1,0
BRDA:313,40,0,10
BRDA:313,40,1,2
BRDA:334,41,0,0
BRDA:334,41,1,5
BRDA:336,42,0,0
BRDA:336,42,1,0
BRDA:346,43,0,5
BRDA:346,43,1,0
BRDA:348,44,0,2
BRDA:348,44,1,5
BRDA:348,45,0,7
BRDA:348,45,1,5
BRDA:350,46,0,0
BRDA:350,46,1,5
BRDA:350,47,0,5
BRDA:350,47,1,5
BRDA:370,48,0,1
BRDA:370,48,1,6
BRDA:376,49,0,6
BRDA:376,49,1,0
BRDA:378,50,0,8
BRDA:378,50,1,0
BRDA:386,51,0,3
BRDA:386,51,1,2
BRDA:392,52,0,1
BRDA:392,52,1,3
BRDA:412,53,0,2
BRDA:413,54,0,2
BRDA:420,55,0,0
BRDA:420,55,1,2
BRDA:431,56,0,2
BRDA:431,56,1,0
BRDA:433,57,0,2
BRDA:433,57,1,0
BRDA:437,58,0,2
BRDA:437,58,1,0
BRDA:439,59,0,1
BRDA:439,59,1,1
BRDA:475,60,0,1
BRDA:475,60,1,2
BRDA:476,61,0,0
BRDA:476,61,1,2
BRDA:498,62,0,1
BRDA:498,62,1,1
BRDA:509,63,0,1
BRDA:509,63,1,0
BRDA:512,64,0,2
BRDA:512,64,1,2
BRDA:512,65,0,4
BRDA:512,65,1,3
BRDA:512,65,2,3
BRDA:513,66,0,2
BRDA:513,66,1,1
BRDA:514,67,0,2
BRDA:514,67,1,0
BRDA:519,68,0,4
BRDA:519,68,1,0
BRDA:525,69,0,1
BRDA:525,69,1,0
BRDA:526,70,0,3
BRDA:526,70,1,0
BRDA:527,71,0,3
BRDA:527,71,1,0
BRDA:528,72,0,3
BRDA:528,72,1,0
BRDA:529,73,0,3
BRDA:529,73,1,1
BRDA:530,74,0,3
BRDA:530,74,1,1
BRDA:538,75,0,1
BRDA:538,75,1,3
BRDA:539,76,0,1
BRDA:539,76,1,2
BRDA:541,77,0,2
BRDA:541,77,1,1
BRDA:584,78,0,1
BRDA:584,78,1,1
BRDA:600,79,0,1
BRDA:600,79,1,0
BRDA:601,80,0,2
BRDA:601,80,1,0
BRDA:615,81,0,1
BRDA:615,81,1,1
BRDA:623,82,0,2
BRDA:623,82,1,0
BRDA:625,83,0,2
BRDA:625,83,1,0
BRDA:642,84,0,1
BRDA:642,84,1,0
BRF:168
BRH:127
end_of_record
TN:
SF:src\shared\errors.ts
FN:6,constructor
FNF:1
FNH:1
FNDA:61,constructor
DA:7,61
DA:8,61
DA:9,61
LF:3
LH:3
BRF:0
BRH:0
end_of_record
TN:
SF:src\shared\rateLimit.ts
FN:26,rateLimit
FN:33,evictExpired
FN:39,(anonymous_2)
FN:61,(anonymous_3)
FNF:4
FNH:4
FNDA:12,rateLimit
FNDA:516,evictExpired
FNDA:539,(anonymous_2)
FNDA:3,(anonymous_3)
DA:27,12
DA:28,12
DA:34,516
DA:35,125255
DA:39,12
DA:40,539
DA:41,539
DA:42,539
DA:44,539
DA:45,516
DA:46,516
DA:47,516
DA:48,516
DA:51,23
DA:52,23
DA:53,7
DA:54,7
DA:55,7
DA:56,7
DA:58,16
DA:61,12
DA:62,12
LF:22
LH:22
BRDA:28,0,0,12
BRDA:28,0,1,7
BRDA:35,1,0,502
BRDA:35,1,1,124753
BRDA:40,2,0,539
BRDA:40,2,1,0
BRDA:44,3,0,516
BRDA:44,3,1,23
BRDA:44,4,0,539
BRDA:44,4,1,24
BRDA:52,5,0,7
BRDA:52,5,1,16
BRF:12
BRH:11
end_of_record
TN:
SF:src\shared\route.ts
FN:8,route
FN:11,(anonymous_1)
FNF:2
FNH:2
FNDA:27,route
FNDA:46,(anonymous_1)
DA:11,27
DA:12,46
DA:13,46
DA:15,5
DA:16,4
DA:17,4
DA:19,1
DA:20,1
LF:8
LH:8
BRDA:15,0,0,4
BRDA:15,0,1,1
BRF:2
BRH:2
end_of_record
TN:
SF:src\shared\streamLimit.ts
FN:30,createStreamLimiter
FN:34,acquire
FN:41,release
FN:55,count
FNF:4
FNH:4
FNDA:8,createStreamLimiter
FNDA:18,acquire
FNDA:7,release
FNDA:4,count
DA:16,2
DA:31,8
DA:33,8
DA:35,18
DA:36,18
DA:37,14
DA:39,14
DA:40,14
DA:44,7
DA:45,5
DA:46,5
DA:49,7
DA:50,1
DA:56,4
LF:14
LH:14
BRDA:30,0,0,8
BRDA:35,1,0,18
BRDA:35,1,1,10
BRDA:36,2,0,4
BRDA:36,2,1,14
BRDA:44,3,0,2
BRDA:44,3,1,5
BRDA:46,4,0,5
BRDA:46,4,1,0
BRDA:49,5,0,4
BRDA:49,5,1,1
BRDA:56,6,0,4
BRDA:56,6,1,2
BRF:13
BRH:12
end_of_record
TN:
SF:src\shared\svgResponse.ts
FN:21,sendSvg
FNF:1
FNH:1
FNDA:4,sendSvg
DA:18,2
DA:22,4
DA:23,4
DA:24,4
LF:4
LH:4
BRF:0
BRH:0
end_of_record
